2016-06-02 16:31:40 INFO:data_logger::
      TEXT MINING WISCONSIN STATE LEGISLATURE     
 --------------------------------------------------
2016-06-02 16:35:34 INFO:data_logger:Crime Policy Model Legislation Terms to be used in target vector:
2016-06-02 16:35:36 INFO:data_logger:sentenc
 2016-06-02 16:35:36 INFO:data_logger:convict
 2016-06-02 16:35:36 INFO:data_logger:firearm
 2016-06-02 16:35:36 INFO:data_logger:violat
 2016-06-02 16:35:36 INFO:data_logger:commit
 2016-06-02 16:35:36 INFO:data_logger:offens
 2016-06-02 16:35:36 INFO:data_logger:nation
 2016-06-02 16:35:36 INFO:data_logger:determin
 2016-06-02 16:35:36 INFO:data_logger:offend
 2016-06-02 16:35:36 INFO:data_logger:report
 2016-06-02 16:35:36 INFO:data_logger:juvenil
 2016-06-02 16:35:36 INFO:data_logger:constitut
 2016-06-02 16:35:36 INFO:data_logger:licens
 2016-06-02 16:35:36 INFO:data_logger:meet
 2016-06-02 16:35:36 INFO:data_logger:correct
 2016-06-02 16:35:36 INFO:data_logger:decemb
 2016-06-02 16:35:36 INFO:data_logger:appear
 2016-06-02 16:35:36 INFO:data_logger:requir
 2016-06-02 16:35:36 INFO:data_logger:cite
 2016-06-02 16:35:36 INFO:data_logger:penalti
 2016-06-02 16:35:36 INFO:data_logger:permit
 2016-06-02 16:35:36 INFO:data_logger:januari
 2016-06-02 16:35:36 INFO:data_logger:establish
 2016-06-02 16:35:36 INFO:data_logger:mail
 2016-06-02 16:35:36 INFO:data_logger:oper
 2016-06-02 16:35:36 INFO:data_logger:enact
 2016-06-02 16:35:36 INFO:data_logger:issu
 2016-06-02 16:35:36 INFO:data_logger:particip
 2016-06-02 16:35:36 INFO:data_logger:full
 2016-06-02 16:35:36 INFO:data_logger:test
 2016-06-02 16:35:36 INFO:data_logger:releas
 2016-06-02 16:35:36 INFO:data_logger:program
 2016-06-02 16:35:36 INFO:data_logger:provid
 2016-06-02 16:35:36 INFO:data_logger:task
 2016-06-02 16:35:36 INFO:data_logger:bill
 2016-06-02 16:35:36 INFO:data_logger:offic
 2016-06-02 16:35:36 INFO:data_logger:crime
 2016-06-02 16:35:36 INFO:data_logger:polici
 2016-06-02 16:35:36 INFO:data_logger:feloni
 2016-06-02 16:35:36 INFO:data_logger:theft
 2016-06-02 16:35:36 INFO:data_logger:enter
 2016-06-02 16:35:36 INFO:data_logger:applic
 2016-06-02 16:35:36 INFO:data_logger:adopt
 2016-06-02 16:35:36 INFO:data_logger:adult
 2016-06-02 16:35:36 INFO:data_logger:prohibit
 2016-06-02 16:35:36 INFO:data_logger:august
 2016-06-02 16:35:36 INFO:data_logger:restrict
 2016-06-02 16:35:36 INFO:data_logger:summit
 2016-06-02 16:35:36 INFO:data_logger:prison
 2016-06-02 16:35:36 INFO:data_logger:attempt
 2016-06-02 16:35:36 INFO:data_logger:forc
 2016-06-02 16:35:36 INFO:data_logger:commun
 2016-06-02 16:35:36 INFO:data_logger:relat
 2016-06-02 16:35:36 INFO:data_logger:place
 2016-06-02 16:35:36 INFO:data_logger:author
 2016-06-02 16:35:36 INFO:data_logger:allow
 2016-06-02 16:35:36 INFO:data_logger:american
 2016-06-02 16:35:36 INFO:data_logger:insert
 2016-06-02 16:35:36 INFO:data_logger:probat
 2016-06-02 16:35:36 INFO:data_logger:increas
 2016-06-02 16:35:36 INFO:data_logger:agenc
 2016-06-02 16:35:36 INFO:data_logger:case
 2016-06-02 16:35:36 INFO:data_logger:jurisdict
 2016-06-02 16:35:36 INFO:data_logger:notifi
 2016-06-02 16:35:36 INFO:data_logger:defend
 2016-06-02 16:35:36 INFO:data_logger:resid
 2016-06-02 16:35:36 INFO:data_logger:court
 2016-06-02 16:35:36 INFO:data_logger:limit
 2016-06-02 16:35:36 INFO:data_logger:director
 2016-06-02 16:35:36 INFO:data_logger:proceed
 2016-06-02 16:35:36 INFO:data_logger:charg
 2016-06-02 16:35:36 INFO:data_logger:justic
 2016-06-02 16:35:36 INFO:data_logger:incarcer
 2016-06-02 16:35:36 INFO:data_logger:individu
 2016-06-02 16:35:36 INFO:data_logger:complet
 2016-06-02 16:35:36 INFO:data_logger:code
 2016-06-02 16:35:36 INFO:data_logger:post
 2016-06-02 16:35:36 INFO:data_logger:appropri
 2016-06-02 16:35:36 INFO:data_logger:request
 2016-06-02 16:35:36 INFO:data_logger:protect
 2016-06-02 16:35:36 INFO:data_logger:investig
 2016-06-02 16:35:36 INFO:data_logger:receiv
 2016-06-02 16:35:36 INFO:data_logger:file
 2016-06-02 16:35:36 INFO:data_logger:repeal
 2016-06-02 16:35:36 INFO:data_logger:annual
 2016-06-02 16:35:36 INFO:data_logger:term
 2016-06-02 16:35:36 INFO:data_logger:know
 2016-06-02 16:35:36 INFO:data_logger:victim
 2016-06-02 16:35:36 INFO:data_logger:possess
 2016-06-02 16:35:36 INFO:data_logger:short
 2016-06-02 16:35:36 INFO:data_logger:reason
 2016-06-02 16:35:36 INFO:data_logger:known
 2016-06-02 16:35:36 INFO:data_logger:etc
 2016-06-02 16:35:36 INFO:data_logger:implement
 2016-06-02 16:35:36 INFO:data_logger:year
 2016-06-02 16:35:36 INFO:data_logger:statut
 2016-06-02 16:35:36 INFO:data_logger:make
 2016-06-02 16:35:36 INFO:data_logger:carri
 2016-06-02 16:35:36 INFO:data_logger:consid
2016-06-02 17:17:27 INFO:data_logger:Results have been written to: crime_bills_in_wi.csv
2016-06-07 22:50:38 INFO:data_logger::
      TEXT MINING WISCONSIN STATE LEGISLATURE     
 --------------------------------------------------
2016-06-07 22:56:01 INFO:data_logger:Crime Policy Model Legislation Terms to be used in target vector:
2016-06-07 22:56:01 INFO:data_logger:sentenc
 2016-06-07 22:56:01 INFO:data_logger:convict
 2016-06-07 22:56:01 INFO:data_logger:firearm
 2016-06-07 22:56:01 INFO:data_logger:violat
 2016-06-07 22:56:01 INFO:data_logger:commit
 2016-06-07 22:56:01 INFO:data_logger:offens
 2016-06-07 22:56:01 INFO:data_logger:nation
 2016-06-07 22:56:01 INFO:data_logger:determin
 2016-06-07 22:56:01 INFO:data_logger:offend
 2016-06-07 22:56:01 INFO:data_logger:report
 2016-06-07 22:56:01 INFO:data_logger:juvenil
 2016-06-07 22:56:01 INFO:data_logger:constitut
 2016-06-07 22:56:01 INFO:data_logger:licens
 2016-06-07 22:56:01 INFO:data_logger:meet
 2016-06-07 22:56:01 INFO:data_logger:correct
 2016-06-07 22:56:01 INFO:data_logger:decemb
 2016-06-07 22:56:01 INFO:data_logger:appear
 2016-06-07 22:56:01 INFO:data_logger:requir
 2016-06-07 22:56:01 INFO:data_logger:cite
 2016-06-07 22:56:01 INFO:data_logger:penalti
 2016-06-07 22:56:01 INFO:data_logger:permit
 2016-06-07 22:56:01 INFO:data_logger:januari
 2016-06-07 22:56:01 INFO:data_logger:establish
 2016-06-07 22:56:01 INFO:data_logger:mail
 2016-06-07 22:56:01 INFO:data_logger:oper
 2016-06-07 22:56:01 INFO:data_logger:enact
 2016-06-07 22:56:01 INFO:data_logger:issu
 2016-06-07 22:56:01 INFO:data_logger:particip
 2016-06-07 22:56:01 INFO:data_logger:full
 2016-06-07 22:56:01 INFO:data_logger:test
 2016-06-07 22:56:01 INFO:data_logger:releas
 2016-06-07 22:56:01 INFO:data_logger:program
 2016-06-07 22:56:01 INFO:data_logger:provid
 2016-06-07 22:56:01 INFO:data_logger:task
 2016-06-07 22:56:01 INFO:data_logger:bill
 2016-06-07 22:56:01 INFO:data_logger:offic
 2016-06-07 22:56:01 INFO:data_logger:crime
 2016-06-07 22:56:01 INFO:data_logger:polici
 2016-06-07 22:56:01 INFO:data_logger:feloni
 2016-06-07 22:56:01 INFO:data_logger:theft
 2016-06-07 22:56:01 INFO:data_logger:enter
 2016-06-07 22:56:01 INFO:data_logger:applic
 2016-06-07 22:56:01 INFO:data_logger:adopt
 2016-06-07 22:56:01 INFO:data_logger:adult
 2016-06-07 22:56:01 INFO:data_logger:prohibit
 2016-06-07 22:56:01 INFO:data_logger:august
 2016-06-07 22:56:01 INFO:data_logger:restrict
 2016-06-07 22:56:01 INFO:data_logger:summit
 2016-06-07 22:56:01 INFO:data_logger:prison
 2016-06-07 22:56:01 INFO:data_logger:attempt
 2016-06-07 22:56:01 INFO:data_logger:forc
 2016-06-07 22:56:01 INFO:data_logger:commun
 2016-06-07 22:56:01 INFO:data_logger:relat
 2016-06-07 22:56:01 INFO:data_logger:place
 2016-06-07 22:56:01 INFO:data_logger:author
 2016-06-07 22:56:01 INFO:data_logger:allow
 2016-06-07 22:56:01 INFO:data_logger:american
 2016-06-07 22:56:01 INFO:data_logger:insert
 2016-06-07 22:56:01 INFO:data_logger:probat
 2016-06-07 22:56:01 INFO:data_logger:increas
 2016-06-07 22:56:01 INFO:data_logger:agenc
 2016-06-07 22:56:01 INFO:data_logger:case
 2016-06-07 22:56:01 INFO:data_logger:jurisdict
 2016-06-07 22:56:01 INFO:data_logger:notifi
 2016-06-07 22:56:01 INFO:data_logger:defend
 2016-06-07 22:56:01 INFO:data_logger:resid
 2016-06-07 22:56:01 INFO:data_logger:court
 2016-06-07 22:56:01 INFO:data_logger:limit
 2016-06-07 22:56:01 INFO:data_logger:director
 2016-06-07 22:56:01 INFO:data_logger:proceed
 2016-06-07 22:56:01 INFO:data_logger:charg
 2016-06-07 22:56:01 INFO:data_logger:justic
 2016-06-07 22:56:01 INFO:data_logger:incarcer
 2016-06-07 22:56:01 INFO:data_logger:individu
 2016-06-07 22:56:01 INFO:data_logger:complet
 2016-06-07 22:56:01 INFO:data_logger:code
 2016-06-07 22:56:01 INFO:data_logger:post
 2016-06-07 22:56:01 INFO:data_logger:appropri
 2016-06-07 22:56:01 INFO:data_logger:request
 2016-06-07 22:56:01 INFO:data_logger:protect
 2016-06-07 22:56:01 INFO:data_logger:investig
 2016-06-07 22:56:01 INFO:data_logger:receiv
 2016-06-07 22:56:01 INFO:data_logger:file
 2016-06-07 22:56:01 INFO:data_logger:repeal
 2016-06-07 22:56:01 INFO:data_logger:annual
 2016-06-07 22:56:01 INFO:data_logger:term
 2016-06-07 22:56:01 INFO:data_logger:know
 2016-06-07 22:56:01 INFO:data_logger:victim
 2016-06-07 22:56:01 INFO:data_logger:possess
 2016-06-07 22:56:01 INFO:data_logger:short
 2016-06-07 22:56:01 INFO:data_logger:reason
 2016-06-07 22:56:01 INFO:data_logger:known
 2016-06-07 22:56:01 INFO:data_logger:etc
 2016-06-07 22:56:01 INFO:data_logger:implement
 2016-06-07 22:56:01 INFO:data_logger:year
 2016-06-07 22:56:01 INFO:data_logger:statut
 2016-06-07 22:56:01 INFO:data_logger:make
 2016-06-07 22:56:01 INFO:data_logger:carri
 2016-06-07 22:56:01 INFO:data_logger:consid
2016-06-07 22:56:24 INFO:data_logger:Results have been written to: crime_bills_in_wi.csv
2016-07-12 23:08:58 INFO:data_logger::JUPYTER:
      TEXT MINING WISCONSIN STATE LEGISLATURE     
 --------------------------------------------------
2016-07-12 23:17:21 INFO:data_logger:Crime Policy Model Legislation Terms to be used in target vector:
2016-07-12 23:17:21 INFO:data_logger:sentenc
 2016-07-12 23:17:21 INFO:data_logger:convict
 2016-07-12 23:17:21 INFO:data_logger:firearm
 2016-07-12 23:17:21 INFO:data_logger:violat
 2016-07-12 23:17:21 INFO:data_logger:commit
 2016-07-12 23:17:21 INFO:data_logger:offens
 2016-07-12 23:17:21 INFO:data_logger:nation
 2016-07-12 23:17:21 INFO:data_logger:determin
 2016-07-12 23:17:21 INFO:data_logger:offend
 2016-07-12 23:17:21 INFO:data_logger:report
 2016-07-12 23:17:21 INFO:data_logger:juvenil
 2016-07-12 23:17:21 INFO:data_logger:constitut
 2016-07-12 23:17:21 INFO:data_logger:licens
 2016-07-12 23:17:21 INFO:data_logger:meet
 2016-07-12 23:17:21 INFO:data_logger:correct
 2016-07-12 23:17:21 INFO:data_logger:decemb
 2016-07-12 23:17:21 INFO:data_logger:appear
 2016-07-12 23:17:21 INFO:data_logger:requir
 2016-07-12 23:17:21 INFO:data_logger:cite
 2016-07-12 23:17:21 INFO:data_logger:penalti
 2016-07-12 23:17:21 INFO:data_logger:permit
 2016-07-12 23:17:21 INFO:data_logger:januari
 2016-07-12 23:17:21 INFO:data_logger:establish
 2016-07-12 23:17:21 INFO:data_logger:mail
 2016-07-12 23:17:21 INFO:data_logger:oper
 2016-07-12 23:17:21 INFO:data_logger:enact
 2016-07-12 23:17:21 INFO:data_logger:issu
 2016-07-12 23:17:21 INFO:data_logger:particip
 2016-07-12 23:17:21 INFO:data_logger:full
 2016-07-12 23:17:21 INFO:data_logger:test
 2016-07-12 23:17:21 INFO:data_logger:releas
 2016-07-12 23:17:21 INFO:data_logger:program
 2016-07-12 23:17:21 INFO:data_logger:provid
 2016-07-12 23:17:21 INFO:data_logger:task
 2016-07-12 23:17:21 INFO:data_logger:bill
 2016-07-12 23:17:21 INFO:data_logger:offic
 2016-07-12 23:17:21 INFO:data_logger:crime
 2016-07-12 23:17:21 INFO:data_logger:polici
 2016-07-12 23:17:21 INFO:data_logger:feloni
 2016-07-12 23:17:21 INFO:data_logger:theft
 2016-07-12 23:17:21 INFO:data_logger:enter
 2016-07-12 23:17:21 INFO:data_logger:applic
 2016-07-12 23:17:21 INFO:data_logger:adopt
 2016-07-12 23:17:21 INFO:data_logger:adult
 2016-07-12 23:17:21 INFO:data_logger:prohibit
 2016-07-12 23:17:21 INFO:data_logger:august
 2016-07-12 23:17:21 INFO:data_logger:restrict
 2016-07-12 23:17:21 INFO:data_logger:summit
 2016-07-12 23:17:21 INFO:data_logger:prison
 2016-07-12 23:17:21 INFO:data_logger:attempt
 2016-07-12 23:17:21 INFO:data_logger:forc
 2016-07-12 23:17:21 INFO:data_logger:commun
 2016-07-12 23:17:21 INFO:data_logger:relat
 2016-07-12 23:17:21 INFO:data_logger:place
 2016-07-12 23:17:21 INFO:data_logger:author
 2016-07-12 23:17:21 INFO:data_logger:allow
 2016-07-12 23:17:21 INFO:data_logger:american
 2016-07-12 23:17:21 INFO:data_logger:insert
 2016-07-12 23:17:21 INFO:data_logger:probat
 2016-07-12 23:17:21 INFO:data_logger:increas
 2016-07-12 23:17:21 INFO:data_logger:agenc
 2016-07-12 23:17:21 INFO:data_logger:case
 2016-07-12 23:17:21 INFO:data_logger:jurisdict
 2016-07-12 23:17:21 INFO:data_logger:notifi
 2016-07-12 23:17:21 INFO:data_logger:defend
 2016-07-12 23:17:21 INFO:data_logger:resid
 2016-07-12 23:17:21 INFO:data_logger:court
 2016-07-12 23:17:21 INFO:data_logger:limit
 2016-07-12 23:17:21 INFO:data_logger:director
 2016-07-12 23:17:21 INFO:data_logger:proceed
 2016-07-12 23:17:21 INFO:data_logger:charg
 2016-07-12 23:17:21 INFO:data_logger:justic
 2016-07-12 23:17:21 INFO:data_logger:incarcer
 2016-07-12 23:17:21 INFO:data_logger:individu
 2016-07-12 23:17:21 INFO:data_logger:complet
 2016-07-12 23:17:21 INFO:data_logger:code
 2016-07-12 23:17:21 INFO:data_logger:post
 2016-07-12 23:17:21 INFO:data_logger:appropri
 2016-07-12 23:17:21 INFO:data_logger:request
 2016-07-12 23:17:21 INFO:data_logger:protect
 2016-07-12 23:17:21 INFO:data_logger:investig
 2016-07-12 23:17:21 INFO:data_logger:receiv
 2016-07-12 23:17:21 INFO:data_logger:file
 2016-07-12 23:17:21 INFO:data_logger:repeal
 2016-07-12 23:17:21 INFO:data_logger:annual
 2016-07-12 23:17:21 INFO:data_logger:term
 2016-07-12 23:17:21 INFO:data_logger:know
 2016-07-12 23:17:21 INFO:data_logger:victim
 2016-07-12 23:17:21 INFO:data_logger:possess
 2016-07-12 23:17:21 INFO:data_logger:short
 2016-07-12 23:17:21 INFO:data_logger:reason
 2016-07-12 23:17:21 INFO:data_logger:known
 2016-07-12 23:17:21 INFO:data_logger:etc
 2016-07-12 23:17:21 INFO:data_logger:implement
 2016-07-12 23:17:21 INFO:data_logger:year
 2016-07-12 23:17:21 INFO:data_logger:statut
 2016-07-12 23:17:21 INFO:data_logger:make
 2016-07-12 23:17:21 INFO:data_logger:carri
 2016-07-12 23:17:21 INFO:data_logger:consid
2016-07-12 23:20:24 INFO:data_logger:Results have been written to: crime_bills_in_wi_2.csv
